<?xml version="1.0" encoding="UTF-8"?>
<testsuite name="ass.Demo.AppTest" tests="1" skipped="0" failures="0" errors="0" timestamp="2022-06-14T13:20:21" hostname="LAPTOP-O7GN8T8H" time="0.046">
  <properties/>
  <testcase name="appHasAGreeting()" classname="ass.Demo.AppTest" time="0.046"/>
  <system-out><![CDATA[]]></system-out>
  <system-err><![CDATA[]]></system-err>
</testsuite>
